Iteration [  0],    latt_mu :   2.113540,    imp_mu :   2.113540,,    Total_N :   8.000000
===========================================================================================
latt.  1 :   1.256400,   1.256405,   1.167044,   1.256405,   1.167043,  [↑ : 3.877, ↓ : 2.226, m : 1.651, n :   6.103296]
-------------------------------------------------------------------------------------------
Iteration [  0],    latt_mu :   2.113540,    imp_mu :   2.113540,,    Total_N :   8.000000
===========================================================================================
latt.  1 :   1.256400,   1.256405,   1.167044,   1.256405,   1.167043,  [↑ : 3.877, ↓ : 2.226, m : 1.651, n :   6.103296]
-------------------------------------------------------------------------------------------
Iteration [  0],    latt_mu :   2.113540,    imp_mu :   2.113540,,    Total_N :   8.000000
===========================================================================================
latt.  1 :   1.256400,   1.256405,   1.167044,   1.256405,   1.167043,  [↑ : 3.877, ↓ : 2.226, m : 1.651, n :   6.103296]
-------------------------------------------------------------------------------------------
imp.   1 :   1.356404,   1.356404,   1.177730,   1.356404,   1.177730,  [↑ : 4.356, ↓ : 2.068, m : 2.288, n :   6.424671]
-------------------------------------------------------------------------------------------


Iteration [  1],    latt_mu :   1.934305,    imp_mu :   1.934305,,    Total_N :   8.000000
===========================================================================================
latt.  1 :   1.266067,   1.266071,   1.169560,   1.266071,   1.169557,  [↑ : 4.100, ↓ : 2.037, m : 2.062, n :   6.137327]
-------------------------------------------------------------------------------------------
imp.   1 :   1.339418,   1.339418,   1.189192,   1.339418,   1.189192,  [↑ : 4.321, ↓ : 2.076, m : 2.245, n :   6.396637]
-------------------------------------------------------------------------------------------


Iteration [  2],    latt_mu :   1.760975,    imp_mu :   1.760975,,    Total_N :   8.000000
===========================================================================================
latt.  1 :   1.272105,   1.272107,   1.173197,   1.272107,   1.173195,  [↑ : 4.166, ↓ : 1.996, m : 2.170, n :   6.162711]
-------------------------------------------------------------------------------------------
imp.   1 :   1.327848,   1.327848,   1.196756,   1.327848,   1.196756,  [↑ : 4.297, ↓ : 2.080, m : 2.217, n :   6.377056]
-------------------------------------------------------------------------------------------


Iteration [  3],    latt_mu :   1.633390,    imp_mu :   1.633390,,    Total_N :   8.000000
===========================================================================================
latt.  1 :   1.277892,   1.277891,   1.174683,   1.277891,   1.174680,  [↑ : 4.195, ↓ : 1.988, m : 2.207, n :   6.183038]
-------------------------------------------------------------------------------------------
imp.   1 :   1.322155,   1.322155,   1.197329,   1.322155,   1.197329,  [↑ : 4.282, ↓ : 2.080, m : 2.202, n :   6.361124]
-------------------------------------------------------------------------------------------


Iteration [  4],    latt_mu :   1.541734,    imp_mu :   1.541734,,    Total_N :   8.000000
===========================================================================================
latt.  1 :   1.282113,   1.282112,   1.176331,   1.282112,   1.176329,  [↑ : 4.207, ↓ : 1.992, m : 2.215, n :   6.198998]
-------------------------------------------------------------------------------------------
imp.   1 :   1.318079,   1.318079,   1.196939,   1.318079,   1.196939,  [↑ : 4.266, ↓ : 2.082, m : 2.184, n :   6.348116]
-------------------------------------------------------------------------------------------


Iteration [  5],    latt_mu :   1.475225,    imp_mu :   1.475225,,    Total_N :   8.000000
===========================================================================================
latt.  1 :   1.285170,   1.285168,   1.178046,   1.285168,   1.178043,  [↑ : 4.213, ↓ : 1.999, m : 2.214, n :   6.211596]
-------------------------------------------------------------------------------------------
imp.   1 :   1.315416,   1.315416,   1.195317,   1.315416,   1.195317,  [↑ : 4.265, ↓ : 2.072, m : 2.193, n :   6.336881]
-------------------------------------------------------------------------------------------


Iteration [  6],    latt_mu :   1.418974,    imp_mu :   1.418974,,    Total_N :   8.000000
===========================================================================================
latt.  1 :   1.287670,   1.287668,   1.179494,   1.287668,   1.179492,  [↑ : 4.219, ↓ : 2.003, m : 2.216, n :   6.221991]
-------------------------------------------------------------------------------------------
imp.   1 :   1.312690,   1.312690,   1.194618,   1.312690,   1.194618,  [↑ : 4.260, ↓ : 2.067, m : 2.194, n :   6.327305]
-------------------------------------------------------------------------------------------


Iteration [  7],    latt_mu :   1.373053,    imp_mu :   1.373053,,    Total_N :   8.000000
===========================================================================================
latt.  1 :   1.289576,   1.289574,   1.180980,   1.289574,   1.180978,  [↑ : 4.224, ↓ : 2.007, m : 2.217, n :   6.230682]
-------------------------------------------------------------------------------------------
imp.   1 :   1.311105,   1.311105,   1.193088,   1.311105,   1.193088,  [↑ : 4.260, ↓ : 2.060, m : 2.200, n :   6.319491]
-------------------------------------------------------------------------------------------


Iteration [  8],    latt_mu :   1.334479,    imp_mu :   1.334479,,    Total_N :   8.000000
===========================================================================================
latt.  1 :   1.291299,   1.291297,   1.181955,   1.291297,   1.181952,  [↑ : 4.228, ↓ : 2.010, m : 2.219, n :   6.237801]
-------------------------------------------------------------------------------------------
imp.   1 :   1.309316,   1.309316,   1.192488,   1.309316,   1.192488,  [↑ : 4.258, ↓ : 2.055, m : 2.204, n :   6.312923]
-------------------------------------------------------------------------------------------


Iteration [  9],    latt_mu :   1.303000,    imp_mu :   1.303000,,    Total_N :   8.000000
===========================================================================================
latt.  1 :   1.292683,   1.292681,   1.182854,   1.292681,   1.182851,  [↑ : 4.232, ↓ : 2.012, m : 2.220, n :   6.243748]
-------------------------------------------------------------------------------------------
imp.   1 :   1.307803,   1.307803,   1.191871,   1.307803,   1.191871,  [↑ : 4.260, ↓ : 2.047, m : 2.212, n :   6.307153]
-------------------------------------------------------------------------------------------


Iteration [ 10],    latt_mu :   1.274372,    imp_mu :   1.274372,,    Total_N :   8.000000
===========================================================================================
latt.  1 :   1.293756,   1.293754,   1.183813,   1.293754,   1.183810,  [↑ : 4.236, ↓ : 2.013, m : 2.223, n :   6.248888]
-------------------------------------------------------------------------------------------
imp.   1 :   1.306649,   1.306649,   1.191216,   1.306649,   1.191216,  [↑ : 4.258, ↓ : 2.045, m : 2.213, n :   6.302379]
-------------------------------------------------------------------------------------------


Iteration [ 11],    latt_mu :   1.250976,    imp_mu :   1.250976,,    Total_N :   8.000000
===========================================================================================
latt.  1 :   1.294843,   1.294841,   1.184330,   1.294841,   1.184327,  [↑ : 4.239, ↓ : 2.015, m : 2.224, n :   6.253183]
-------------------------------------------------------------------------------------------
imp.   1 :   1.305685,   1.305685,   1.190725,   1.305685,   1.190725,  [↑ : 4.258, ↓ : 2.041, m : 2.217, n :   6.298505]
-------------------------------------------------------------------------------------------


Iteration [ 12],    latt_mu :   1.231380,    imp_mu :   1.231380,,    Total_N :   8.000000
===========================================================================================
latt.  1 :   1.295503,   1.295501,   1.185091,   1.295501,   1.185088,  [↑ : 4.241, ↓ : 2.016, m : 2.225, n :   6.256683]
-------------------------------------------------------------------------------------------
imp.   1 :   1.304861,   1.304861,   1.190128,   1.304861,   1.190128,  [↑ : 4.257, ↓ : 2.038, m : 2.219, n :   6.294837]
-------------------------------------------------------------------------------------------


Iteration [ 13],    latt_mu :   1.213245,    imp_mu :   1.213245,,    Total_N :   8.000000
===========================================================================================
latt.  1 :   1.296411,   1.296408,   1.185357,   1.296408,   1.185355,  [↑ : 4.243, ↓ : 2.017, m : 2.227, n :   6.259939]
-------------------------------------------------------------------------------------------
imp.   1 :   1.304001,   1.304001,   1.189900,   1.304001,   1.189900,  [↑ : 4.257, ↓ : 2.035, m : 2.223, n :   6.291804]
-------------------------------------------------------------------------------------------


Iteration [ 14],    latt_mu :   1.199171,    imp_mu :   1.199171,,    Total_N :   8.000000
===========================================================================================
latt.  1 :   1.296915,   1.296913,   1.185876,   1.296913,   1.185874,  [↑ : 4.245, ↓ : 2.017, m : 2.228, n :   6.262491]
-------------------------------------------------------------------------------------------
imp.   1 :   1.303375,   1.303375,   1.189726,   1.303375,   1.189726,  [↑ : 4.256, ↓ : 2.034, m : 2.222, n :   6.289576]
-------------------------------------------------------------------------------------------


Iteration [ 15],    latt_mu :   1.187041,    imp_mu :   1.187041,,    Total_N :   8.000001
===========================================================================================
latt.  1 :   1.297467,   1.297465,   1.186154,   1.297465,   1.186151,  [↑ : 4.247, ↓ : 2.018, m : 2.229, n :   6.264702]
-------------------------------------------------------------------------------------------
imp.   1 :   1.303004,   1.303004,   1.189352,   1.303004,   1.189352,  [↑ : 4.256, ↓ : 2.032, m : 2.224, n :   6.287717]
-------------------------------------------------------------------------------------------


Iteration [ 16],    latt_mu :   1.178038,    imp_mu :   1.178038,,    Total_N :   8.000001
===========================================================================================
latt.  1 :   1.297771,   1.297769,   1.186556,   1.297769,   1.186553,  [↑ : 4.248, ↓ : 2.018, m : 2.230, n :   6.266419]
-------------------------------------------------------------------------------------------
imp.   1 :   1.302531,   1.302531,   1.189138,   1.302531,   1.189138,  [↑ : 4.256, ↓ : 2.030, m : 2.226, n :   6.285869]
-------------------------------------------------------------------------------------------


Iteration [ 17],    latt_mu :   1.168464,    imp_mu :   1.168464,,    Total_N :   8.000000
===========================================================================================
latt.  1 :   1.298317,   1.298315,   1.186588,   1.298315,   1.186585,  [↑ : 4.249, ↓ : 2.019, m : 2.231, n :   6.268120]
-------------------------------------------------------------------------------------------
imp.   1 :   1.302211,   1.302211,   1.188975,   1.302211,   1.188975,  [↑ : 4.254, ↓ : 2.030, m : 2.224, n :   6.284583]
-------------------------------------------------------------------------------------------


Iteration [ 18],    latt_mu :   1.162455,    imp_mu :   1.162455,,    Total_N :   8.000000
===========================================================================================
latt.  1 :   1.298486,   1.298484,   1.186935,   1.298484,   1.186933,  [↑ : 4.250, ↓ : 2.019, m : 2.231, n :   6.269321]
-------------------------------------------------------------------------------------------
imp.   1 :   1.301911,   1.301911,   1.188754,   1.301911,   1.188754,  [↑ : 4.255, ↓ : 2.028, m : 2.227, n :   6.283242]
-------------------------------------------------------------------------------------------


Iteration [ 19],    latt_mu :   1.155457,    imp_mu :   1.155457,,    Total_N :   8.000000
===========================================================================================
latt.  1 :   1.298749,   1.298747,   1.187133,   1.298747,   1.187130,  [↑ : 4.251, ↓ : 2.020, m : 2.231, n :   6.270506]
-------------------------------------------------------------------------------------------
imp.   1 :   1.301705,   1.301705,   1.188327,   1.301705,   1.188327,  [↑ : 4.258, ↓ : 2.024, m : 2.235, n :   6.281769]
-------------------------------------------------------------------------------------------


Iteration [ 20],    latt_mu :   1.148238,    imp_mu :   1.148238,,    Total_N :   8.000000
===========================================================================================
latt.  1 :   1.299132,   1.299129,   1.187113,   1.299129,   1.187110,  [↑ : 4.252, ↓ : 2.019, m : 2.233, n :   6.271614]
-------------------------------------------------------------------------------------------
imp.   1 :   1.301282,   1.301282,   1.188642,   1.301282,   1.188642,  [↑ : 4.252, ↓ : 2.029, m : 2.223, n :   6.281131]
-------------------------------------------------------------------------------------------


Iteration [ 21],    latt_mu :   1.145893,    imp_mu :   1.145893,,    Total_N :   8.000000
===========================================================================================
latt.  1 :   1.299353,   1.299351,   1.187117,   1.299351,   1.187114,  [↑ : 4.252, ↓ : 2.020, m : 2.231, n :   6.272285]
-------------------------------------------------------------------------------------------
imp.   1 :   1.301202,   1.301202,   1.188420,   1.301202,   1.188420,  [↑ : 4.255, ↓ : 2.026, m : 2.229, n :   6.280445]
-------------------------------------------------------------------------------------------


Iteration [ 22],    latt_mu :   1.142710,    imp_mu :   1.142710,,    Total_N :   8.000000
===========================================================================================
latt.  1 :   1.299442,   1.299439,   1.187293,   1.299439,   1.187290,  [↑ : 4.253, ↓ : 2.020, m : 2.232, n :   6.272903]
-------------------------------------------------------------------------------------------
imp.   1 :   1.300905,   1.300905,   1.188494,   1.300905,   1.188494,  [↑ : 4.259, ↓ : 2.021, m : 2.238, n :   6.279702]
-------------------------------------------------------------------------------------------


Iteration [ 23],    latt_mu :   1.137711,    imp_mu :   1.137711,,    Total_N :   8.000000
===========================================================================================
latt.  1 :   1.299643,   1.299640,   1.187330,   1.299640,   1.187328,  [↑ : 4.254, ↓ : 2.019, m : 2.235, n :   6.273581]
-------------------------------------------------------------------------------------------
imp.   1 :   1.300977,   1.300977,   1.188169,   1.300977,   1.188169,  [↑ : 4.256, ↓ : 2.023, m : 2.233, n :   6.279269]
-------------------------------------------------------------------------------------------


Iteration [ 24],    latt_mu :   1.135980,    imp_mu :   1.135980,,    Total_N :   8.000000
===========================================================================================
latt.  1 :   1.299555,   1.299552,   1.187645,   1.299552,   1.187642,  [↑ : 4.254, ↓ : 2.020, m : 2.234, n :   6.273946]
-------------------------------------------------------------------------------------------
imp.   1 :   1.300698,   1.300698,   1.188359,   1.300698,   1.188359,  [↑ : 4.254, ↓ : 2.025, m : 2.228, n :   6.278811]
-------------------------------------------------------------------------------------------


Iteration [ 25],    latt_mu :   1.133864,    imp_mu :   1.133864,,    Total_N :   8.000000
===========================================================================================
latt.  1 :   1.299733,   1.299730,   1.187585,   1.299730,   1.187583,  [↑ : 4.254, ↓ : 2.021, m : 2.233, n :   6.274361]
-------------------------------------------------------------------------------------------
imp.   1 :   1.300944,   1.300944,   1.187810,   1.300944,   1.187810,  [↑ : 4.257, ↓ : 2.021, m : 2.236, n :   6.278453]
-------------------------------------------------------------------------------------------


Iteration [ 26],    latt_mu :   1.131025,    imp_mu :   1.131025,,    Total_N :   8.000000
===========================================================================================
latt.  1 :   1.299916,   1.299914,   1.187493,   1.299914,   1.187491,  [↑ : 4.255, ↓ : 2.020, m : 2.234, n :   6.274728]
-------------------------------------------------------------------------------------------
imp.   1 :   1.300329,   1.300329,   1.188585,   1.300329,   1.188585,  [↑ : 4.254, ↓ : 2.024, m : 2.230, n :   6.278156]
-------------------------------------------------------------------------------------------


Iteration [ 27],    latt_mu :   1.130119,    imp_mu :   1.130119,,    Total_N :   8.000000
===========================================================================================
latt.  1 :   1.299904,   1.299902,   1.187626,   1.299902,   1.187623,  [↑ : 4.254, ↓ : 2.021, m : 2.233, n :   6.274956]
-------------------------------------------------------------------------------------------
imp.   1 :   1.300450,   1.300450,   1.188221,   1.300450,   1.188221,  [↑ : 4.253, ↓ : 2.024, m : 2.229, n :   6.277792]
-------------------------------------------------------------------------------------------


Iteration [ 28],    latt_mu :   1.128959,    imp_mu :   1.128959,,    Total_N :   8.000000
===========================================================================================
latt.  1 :   1.299827,   1.299825,   1.187875,   1.299825,   1.187872,  [↑ : 4.254, ↓ : 2.021, m : 2.233, n :   6.275224]
-------------------------------------------------------------------------------------------
imp.   1 :   1.300443,   1.300443,   1.188130,   1.300443,   1.188130,  [↑ : 4.254, ↓ : 2.024, m : 2.230, n :   6.277589]
-------------------------------------------------------------------------------------------


Iteration [ 29],    latt_mu :   1.128704,    imp_mu :   1.128704,,    Total_N :   8.000000
===========================================================================================
latt.  1 :   1.299871,   1.299869,   1.187879,   1.299869,   1.187876,  [↑ : 4.254, ↓ : 2.022, m : 2.232, n :   6.275364]
-------------------------------------------------------------------------------------------
imp.   1 :   1.300360,   1.300360,   1.188166,   1.300360,   1.188166,  [↑ : 4.254, ↓ : 2.023, m : 2.231, n :   6.277412]
-------------------------------------------------------------------------------------------


Iteration [ 30],    latt_mu :   1.127261,    imp_mu :   1.127261,,    Total_N :   8.000000
===========================================================================================
latt.  1 :   1.299965,   1.299962,   1.187872,   1.299962,   1.187870,  [↑ : 4.254, ↓ : 2.022, m : 2.232, n :   6.275632]
-------------------------------------------------------------------------------------------
imp.   1 :   1.300459,   1.300459,   1.187832,   1.300459,   1.187832,  [↑ : 4.258, ↓ : 2.019, m : 2.239, n :   6.277042]
-------------------------------------------------------------------------------------------


Iteration [ 31],    latt_mu :   1.124706,    imp_mu :   1.124706,,    Total_N :   8.000000
===========================================================================================
latt.  1 :   1.300030,   1.300027,   1.187892,   1.300027,   1.187889,  [↑ : 4.255, ↓ : 2.021, m : 2.234, n :   6.275866]
-------------------------------------------------------------------------------------------
imp.   1 :   1.300270,   1.300270,   1.188107,   1.300270,   1.188107,  [↑ : 4.252, ↓ : 2.025, m : 2.226, n :   6.277025]
-------------------------------------------------------------------------------------------


Iteration [ 32],    latt_mu :   1.124660,    imp_mu :   1.124660,,    Total_N :   8.000000
===========================================================================================
latt.  1 :   1.300086,   1.300084,   1.187843,   1.300084,   1.187840,  [↑ : 4.254, ↓ : 2.022, m : 2.232, n :   6.275938]
-------------------------------------------------------------------------------------------
imp.   1 :   1.300300,   1.300300,   1.188018,   1.300300,   1.188018,  [↑ : 4.254, ↓ : 2.023, m : 2.230, n :   6.276935]
-------------------------------------------------------------------------------------------


Iteration [ 33],    latt_mu :   1.125212,    imp_mu :   1.125212,,    Total_N :   8.000000
===========================================================================================
latt.  1 :   1.300138,   1.300136,   1.187789,   1.300136,   1.187786,  [↑ : 4.254, ↓ : 2.022, m : 2.233, n :   6.275986]
-------------------------------------------------------------------------------------------
imp.   1 :   1.300309,   1.300309,   1.187961,   1.300309,   1.187961,  [↑ : 4.255, ↓ : 2.022, m : 2.232, n :   6.276850]
-------------------------------------------------------------------------------------------


Iteration [ 34],    latt_mu :   1.125565,    imp_mu :   1.125565,,    Total_N :   8.000000
===========================================================================================
latt.  1 :   1.300024,   1.300022,   1.187947,   1.300022,   1.187945,  [↑ : 4.255, ↓ : 2.021, m : 2.233, n :   6.275960]
-------------------------------------------------------------------------------------------
imp.   1 :   1.300073,   1.300073,   1.188156,   1.300073,   1.188156,  [↑ : 4.258, ↓ : 2.019, m : 2.239, n :   6.276530]
-------------------------------------------------------------------------------------------


Iteration [ 35],    latt_mu :   1.122781,    imp_mu :   1.122781,,    Total_N :   8.000000
===========================================================================================
latt.  1 :   1.300069,   1.300067,   1.188008,   1.300067,   1.188005,  [↑ : 4.255, ↓ : 2.021, m : 2.235, n :   6.276216]
-------------------------------------------------------------------------------------------
imp.   1 :   1.300128,   1.300128,   1.188095,   1.300128,   1.188095,  [↑ : 4.253, ↓ : 2.024, m : 2.229, n :   6.276573]
-------------------------------------------------------------------------------------------


Iteration [ 36],    latt_mu :   1.123540,    imp_mu :   1.123540,,    Total_N :   8.000000
===========================================================================================
latt.  1 :   1.300029,   1.300027,   1.188066,   1.300027,   1.188063,  [↑ : 4.255, ↓ : 2.021, m : 2.233, n :   6.276212]
-------------------------------------------------------------------------------------------
imp.   1 :   1.300206,   1.300206,   1.187925,   1.300206,   1.187925,  [↑ : 4.256, ↓ : 2.020, m : 2.236, n :   6.276468]
-------------------------------------------------------------------------------------------


Iteration [ 37],    latt_mu :   1.121992,    imp_mu :   1.121992,,    Total_N :   8.000000
===========================================================================================
latt.  1 :   1.300201,   1.300199,   1.187881,   1.300199,   1.187878,  [↑ : 4.255, ↓ : 2.021, m : 2.234, n :   6.276357]
-------------------------------------------------------------------------------------------
imp.   1 :   1.299981,   1.299981,   1.188233,   1.299981,   1.188233,  [↑ : 4.255, ↓ : 2.022, m : 2.233, n :   6.276408]
-------------------------------------------------------------------------------------------


Iteration [ 38],    latt_mu :   1.122747,    imp_mu :   1.122747,,    Total_N :   8.000000
===========================================================================================
latt.  1 :   1.300165,   1.300162,   1.187933,   1.300162,   1.187930,  [↑ : 4.255, ↓ : 2.021, m : 2.234, n :   6.276352]
-------------------------------------------------------------------------------------------
imp.   1 :   1.300291,   1.300291,   1.187807,   1.300291,   1.187807,  [↑ : 4.255, ↓ : 2.021, m : 2.234, n :   6.276488]
-------------------------------------------------------------------------------------------


Iteration [ 39],    latt_mu :   1.122518,    imp_mu :   1.122518,,    Total_N :   8.000000
===========================================================================================
latt.  1 :   1.300212,   1.300210,   1.187897,   1.300210,   1.187894,  [↑ : 4.255, ↓ : 2.021, m : 2.234, n :   6.276424]
-------------------------------------------------------------------------------------------
imp.   1 :   1.299830,   1.299830,   1.188482,   1.299830,   1.188482,  [↑ : 4.256, ↓ : 2.020, m : 2.235, n :   6.276455]
-------------------------------------------------------------------------------------------


Iteration [ 40],    latt_mu :   1.121947,    imp_mu :   1.121947,,    Total_N :   8.000000
===========================================================================================
latt.  1 :   1.300120,   1.300117,   1.188070,   1.300117,   1.188067,  [↑ : 4.256, ↓ : 2.021, m : 2.235, n :   6.276492]
-------------------------------------------------------------------------------------------
imp.   1 :   1.300029,   1.300029,   1.188103,   1.300029,   1.188103,  [↑ : 4.254, ↓ : 2.022, m : 2.232, n :   6.276293]
-------------------------------------------------------------------------------------------


Iteration [ 41],    latt_mu :   1.122673,    imp_mu :   1.122673,,    Total_N :   8.000000
===========================================================================================
latt.  1 :   1.300003,   1.300001,   1.188233,   1.300001,   1.188231,  [↑ : 4.255, ↓ : 2.022, m : 2.233, n :   6.276469]
-------------------------------------------------------------------------------------------
imp.   1 :   1.299991,   1.299991,   1.187991,   1.299991,   1.187991,  [↑ : 4.255, ↓ : 2.021, m : 2.235, n :   6.275955]
-------------------------------------------------------------------------------------------


Iteration [ 42],    latt_mu :   1.120076,    imp_mu :   1.120076,,    Total_N :   8.000000
===========================================================================================
latt.  1 :   1.300145,   1.300143,   1.188174,   1.300143,   1.188171,  [↑ : 4.255, ↓ : 2.021, m : 2.234, n :   6.276775]
-------------------------------------------------------------------------------------------
imp.   1 :   1.299931,   1.299931,   1.188166,   1.299931,   1.188166,  [↑ : 4.252, ↓ : 2.024, m : 2.229, n :   6.276123]
-------------------------------------------------------------------------------------------


Iteration [ 43],    latt_mu :   1.121435,    imp_mu :   1.121435,,    Total_N :   8.000000
===========================================================================================
latt.  1 :   1.300087,   1.300084,   1.188216,   1.300084,   1.188213,  [↑ : 4.255, ↓ : 2.022, m : 2.233, n :   6.276684]
-------------------------------------------------------------------------------------------
imp.   1 :   1.299838,   1.299838,   1.188297,   1.299838,   1.188297,  [↑ : 4.255, ↓ : 2.021, m : 2.234, n :   6.276108]
-------------------------------------------------------------------------------------------


Iteration [ 44],    latt_mu :   1.120830,    imp_mu :   1.120830,,    Total_N :   8.000000
===========================================================================================
latt.  1 :   1.300185,   1.300183,   1.188114,   1.300183,   1.188111,  [↑ : 4.255, ↓ : 2.022, m : 2.234, n :   6.276776]
-------------------------------------------------------------------------------------------
imp.   1 :   1.300116,   1.300116,   1.187869,   1.300116,   1.187869,  [↑ : 4.255, ↓ : 2.021, m : 2.233, n :   6.276085]
-------------------------------------------------------------------------------------------


Iteration [ 45],    latt_mu :   1.121187,    imp_mu :   1.121187,,    Total_N :   8.000000
===========================================================================================
latt.  1 :   1.300263,   1.300261,   1.187978,   1.300261,   1.187975,  [↑ : 4.255, ↓ : 2.021, m : 2.234, n :   6.276738]
-------------------------------------------------------------------------------------------
imp.   1 :   1.300074,   1.300074,   1.188109,   1.300074,   1.188109,  [↑ : 4.254, ↓ : 2.022, m : 2.232, n :   6.276439]
-------------------------------------------------------------------------------------------


Iteration [ 46],    latt_mu :   1.121154,    imp_mu :   1.121154,,    Total_N :   8.000000
===========================================================================================
latt.  1 :   1.300257,   1.300255,   1.187962,   1.300255,   1.187959,  [↑ : 4.256, ↓ : 2.021, m : 2.235, n :   6.276688]
-------------------------------------------------------------------------------------------
imp.   1 :   1.299848,   1.299848,   1.188354,   1.299848,   1.188354,  [↑ : 4.255, ↓ : 2.021, m : 2.234, n :   6.276252]
-------------------------------------------------------------------------------------------


Iteration [ 47],    latt_mu :   1.121352,    imp_mu :   1.121352,,    Total_N :   8.000000
===========================================================================================
latt.  1 :   1.300212,   1.300210,   1.188016,   1.300210,   1.188014,  [↑ : 4.256, ↓ : 2.021, m : 2.235, n :   6.276662]
-------------------------------------------------------------------------------------------
imp.   1 :   1.299981,   1.299981,   1.188146,   1.299981,   1.188146,  [↑ : 4.251, ↓ : 2.025, m : 2.226, n :   6.276236]
-------------------------------------------------------------------------------------------


Iteration [ 48],    latt_mu :   1.123705,    imp_mu :   1.123705,,    Total_N :   8.000000
===========================================================================================
latt.  1 :   1.300083,   1.300080,   1.188123,   1.300080,   1.188120,  [↑ : 4.255, ↓ : 2.022, m : 2.233, n :   6.276487]
-------------------------------------------------------------------------------------------
imp.   1 :   1.299793,   1.299793,   1.188342,   1.299793,   1.188342,  [↑ : 4.257, ↓ : 2.019, m : 2.237, n :   6.276065]
-------------------------------------------------------------------------------------------


Iteration [ 49],    latt_mu :   1.121307,    imp_mu :   1.121307,,    Total_N :   8.000000
===========================================================================================
latt.  1 :   1.300141,   1.300139,   1.188141,   1.300139,   1.188139,  [↑ : 4.256, ↓ : 2.021, m : 2.235, n :   6.276698]
-------------------------------------------------------------------------------------------
imp.   1 :   1.299935,   1.299935,   1.188204,   1.299935,   1.188204,  [↑ : 4.254, ↓ : 2.022, m : 2.232, n :   6.276215]
-------------------------------------------------------------------------------------------


Iteration [ 50],    latt_mu :   1.121562,    imp_mu :   1.121562,,    Total_N :   8.000000
===========================================================================================
latt.  1 :   1.300165,   1.300162,   1.188078,   1.300162,   1.188075,  [↑ : 4.255, ↓ : 2.021, m : 2.234, n :   6.276643]
-------------------------------------------------------------------------------------------
