
 ===================================================================================
|Iter. [ n ]|    latt_mu|  latt1_occ|    imp1_mu|   imp1_occ|     imp1_N|     imp1_S|
 ===================================================================================
|Iter. [  0]|   2.11354 |   6.10330 |   2.11354 |
 ===================================================================================
|Iter. [ n ]|    latt_mu|  latt1_occ|    imp1_mu|   imp1_occ|     imp1_N|     imp1_S|
 ===================================================================================
|Iter. [  0]|   2.11354 |   6.10330 |   2.11354 |
 ===================================================================================
|Iter. [ n ]|    latt_mu|  latt1_occ|    imp1_mu|   imp1_occ|     imp1_N|     imp1_S|
 ===================================================================================
|Iter. [  0]|   2.11354 |   6.10330 |   2.11354 |   6.42467 |   0.04931 |  39.94670 |
|Iter. [  1]|   1.93430 |   6.13733 |   1.93430 |   6.39664 |   0.04888 |  38.54710 |
|Iter. [  2]|   1.76097 |   6.16271 |   1.76097 |   6.37706 |   0.04868 |  37.73260 |
|Iter. [  3]|   1.63339 |   6.18304 |   1.63339 |   6.36112 |   0.04862 |  37.29160 |
|Iter. [  4]|   1.54173 |   6.19900 |   1.54173 |   6.34812 |   0.04849 |  36.79020 |
|Iter. [  5]|   1.47522 |   6.21160 |   1.47522 |   6.33688 |   0.04876 |  37.11370 |
|Iter. [  6]|   1.41897 |   6.22199 |   1.41897 |   6.32730 |   0.04876 |  37.15510 |
|Iter. [  7]|   1.37305 |   6.23068 |   1.37305 |   6.31949 |   0.04874 |  37.37460 |
|Iter. [  8]|   1.33448 |   6.23780 |   1.33448 |   6.31292 |   0.04879 |  37.51460 |
|Iter. [  9]|   1.30300 |   6.24375 |   1.30300 |   6.30715 |   0.04890 |  37.82230 |
|Iter. [ 10]|   1.27437 |   6.24889 |   1.27437 |   6.30238 |   0.04880 |  37.85410 |
|Iter. [ 11]|   1.25098 |   6.25318 |   1.25098 |   6.29850 |   0.04883 |  37.99500 |
|Iter. [ 12]|   1.23138 |   6.25668 |   1.23138 |   6.29484 |   0.04885 |  38.09950 |
|Iter. [ 13]|   1.21325 |   6.25994 |   1.21325 |   6.29180 |   0.04884 |  38.20280 |
|Iter. [ 14]|   1.19917 |   6.26249 |   1.19917 |   6.28958 |   0.04887 |  38.19990 |
|Iter. [ 15]|   1.18704 |   6.26470 |   1.18704 |   6.28772 |   0.04890 |  38.29200 |
|Iter. [ 16]|   1.17804 |   6.26642 |   1.17804 |   6.28587 |   0.04883 |  38.35630 |
|Iter. [ 17]|   1.16846 |   6.26812 |   1.16846 |   6.28458 |   0.04882 |  38.29280 |
|Iter. [ 18]|   1.16245 |   6.26932 |   1.16245 |   6.28324 |   0.04887 |  38.39020 |
|Iter. [ 19]|   1.15546 |   6.27051 |   1.15546 |   6.28177 |   0.04887 |  38.63930 |
|Iter. [ 20]|   1.14824 |   6.27161 |   1.14824 |   6.28113 |   0.04888 |  38.26440 |
|Iter. [ 21]|   1.14589 |   6.27229 |   1.14589 |   6.28044 |   0.04888 |  38.47090 |
|Iter. [ 22]|   1.14271 |   6.27290 |   1.14271 |   6.27970 |   0.04884 |  38.74730 |
|Iter. [ 23]|   1.13771 |   6.27358 |   1.13771 |   6.27927 |   0.04889 |  38.58130 |
|Iter. [ 24]|   1.13598 |   6.27395 |   1.13598 |   6.27881 |   0.04889 |  38.45620 |
|Iter. [ 25]|   1.13386 |   6.27436 |   1.13386 |   6.27845 |   0.04886 |  38.67480 |
|Iter. [ 26]|   1.13103 |   6.27473 |   1.13103 |   6.27816 |   0.04869 |  38.49220 |
|Iter. [ 27]|   1.13012 |   6.27496 |   1.13012 |   6.27779 |   0.04886 |  38.46690 |
|Iter. [ 28]|   1.12896 |   6.27522 |   1.12896 |   6.27759 |   0.04892 |  38.50320 |
|Iter. [ 29]|   1.12870 |   6.27536 |   1.12870 |   6.27741 |   0.04884 |  38.52740 |
|Iter. [ 30]|   1.12726 |   6.27563 |   1.12726 |   6.27704 |   0.04897 |  38.76330 |
|Iter. [ 31]|   1.12471 |   6.27587 |   1.12471 |   6.27702 |   0.04881 |  38.38930 |
|Iter. [ 32]|   1.12466 |   6.27594 |   1.12466 |   6.27694 |   0.04887 |  38.51340 |
|Iter. [ 33]|   1.12521 |   6.27599 |   1.12521 |   6.27685 |   0.04887 |  38.57160 |
|Iter. [ 34]|   1.12557 |   6.27596 |   1.12557 |   6.27653 |   0.04876 |  38.79640 |
|Iter. [ 35]|   1.12278 |   6.27622 |   1.12278 |   6.27657 |   0.04871 |  38.49390 |
|Iter. [ 36]|   1.12354 |   6.27621 |   1.12354 |   6.27647 |   0.04882 |  38.71300 |
|Iter. [ 37]|   1.12199 |   6.27636 |   1.12199 |   6.27641 |   0.04890 |  38.62660 |
|Iter. [ 38]|   1.12275 |   6.27635 |   1.12275 |   6.27649 |   0.04879 |  38.64130 |
|Iter. [ 39]|   1.12252 |   6.27642 |   1.12252 |   6.27645 |   0.04884 |  38.67690 |
|Iter. [ 40]|   1.12195 |   6.27649 |   1.12195 |   6.27629 |   0.04889 |  38.55480 |
|Iter. [ 41]|   1.12267 |   6.27647 |   1.12267 |   6.27595 |   0.04888 |  38.65630 |
|Iter. [ 42]|   1.12008 |   6.27677 |   1.12008 |   6.27612 |   0.04886 |  38.44780 |
|Iter. [ 43]|   1.12144 |   6.27668 |   1.12144 |   6.27611 |   0.04893 |  38.62990 |
|Iter. [ 44]|   1.12083 |   6.27678 |   1.12083 |   6.27608 |   0.04875 |  38.60190 |
|Iter. [ 45]|   1.12119 |   6.27674 |   1.12119 |   6.27644 |   0.04880 |  38.55330 |
|Iter. [ 46]|   1.12115 |   6.27669 |   1.12115 |   6.27625 |   0.04890 |  38.63090 |
|Iter. [ 47]|   1.12135 |   6.27666 |   1.12135 |   6.27624 |   0.04887 |  38.40810 |
|Iter. [ 48]|   1.12371 |   6.27649 |   1.12371 |   6.27607 |   0.04885 |  38.75110 |
|Iter. [ 49]|   1.12131 |   6.27670 |   1.12131 |   6.27622 |   0.04876 |  38.55960 |
|Iter. [ 50]|   1.12156 |   6.27664 |   1.12156 |