Iter.[  1]|   (imp  1)   "N":   0.049307,   "Sz":  39.946700 |
Iter.[  2]|   (imp  1)   "N":   0.048878,   "Sz":  38.547100 |
Iter.[  3]|   (imp  1)   "N":   0.048677,   "Sz":  37.732600 |
Iter.[  4]|   (imp  1)   "N":   0.048616,   "Sz":  37.291600 |
Iter.[  5]|   (imp  1)   "N":   0.048495,   "Sz":  36.790200 |
Iter.[  6]|   (imp  1)   "N":   0.048765,   "Sz":  37.113700 |
Iter.[  7]|   (imp  1)   "N":   0.048755,   "Sz":  37.155100 |
Iter.[  8]|   (imp  1)   "N":   0.048744,   "Sz":  37.374600 |
Iter.[  9]|   (imp  1)   "N":   0.048791,   "Sz":  37.514600 |
Iter.[ 10]|   (imp  1)   "N":   0.048900,   "Sz":  37.822300 |
Iter.[ 11]|   (imp  1)   "N":   0.048798,   "Sz":  37.854100 |
Iter.[ 12]|   (imp  1)   "N":   0.048833,   "Sz":  37.995000 |
Iter.[ 13]|   (imp  1)   "N":   0.048854,   "Sz":  38.099500 |
Iter.[ 14]|   (imp  1)   "N":   0.048838,   "Sz":  38.202800 |
Iter.[ 15]|   (imp  1)   "N":   0.048873,   "Sz":  38.199900 |
Iter.[ 16]|   (imp  1)   "N":   0.048899,   "Sz":  38.292000 |
Iter.[ 17]|   (imp  1)   "N":   0.048828,   "Sz":  38.356300 |
Iter.[ 18]|   (imp  1)   "N":   0.048822,   "Sz":  38.292800 |
Iter.[ 19]|   (imp  1)   "N":   0.048868,   "Sz":  38.390200 |
Iter.[ 20]|   (imp  1)   "N":   0.048870,   "Sz":  38.639300 |
Iter.[ 21]|   (imp  1)   "N":   0.048880,   "Sz":  38.264400 |
Iter.[ 22]|   (imp  1)   "N":   0.048877,   "Sz":  38.470900 |
Iter.[ 23]|   (imp  1)   "N":   0.048843,   "Sz":  38.747300 |
Iter.[ 24]|   (imp  1)   "N":   0.048887,   "Sz":  38.581300 |
Iter.[ 25]|   (imp  1)   "N":   0.048892,   "Sz":  38.456200 |
Iter.[ 26]|   (imp  1)   "N":   0.048858,   "Sz":  38.674800 |
Iter.[ 27]|   (imp  1)   "N":   0.048689,   "Sz":  38.492200 |
Iter.[ 28]|   (imp  1)   "N":   0.048858,   "Sz":  38.466900 |
Iter.[ 29]|   (imp  1)   "N":   0.048922,   "Sz":  38.503200 |
Iter.[ 30]|   (imp  1)   "N":   0.048838,   "Sz":  38.527400 |
Iter.[ 31]|   (imp  1)   "N":   0.048975,   "Sz":  38.763300 |
Iter.[ 32]|   (imp  1)   "N":   0.048811,   "Sz":  38.389300 |
Iter.[ 33]|   (imp  1)   "N":   0.048869,   "Sz":  38.513400 |
Iter.[ 34]|   (imp  1)   "N":   0.048869,   "Sz":  38.571600 |
Iter.[ 35]|   (imp  1)   "N":   0.048760,   "Sz":  38.796400 |
Iter.[ 36]|   (imp  1)   "N":   0.048711,   "Sz":  38.493900 |
Iter.[ 37]|   (imp  1)   "N":   0.048817,   "Sz":  38.713000 |
Iter.[ 38]|   (imp  1)   "N":   0.048903,   "Sz":  38.626600 |
Iter.[ 39]|   (imp  1)   "N":   0.048791,   "Sz":  38.641300 |
Iter.[ 40]|   (imp  1)   "N":   0.048841,   "Sz":  38.676900 |
Iter.[ 41]|   (imp  1)   "N":   0.048888,   "Sz":  38.554800 |
Iter.[ 42]|   (imp  1)   "N":   0.048880,   "Sz":  38.656300 |
Iter.[ 43]|   (imp  1)   "N":   0.048856,   "Sz":  38.447800 |
Iter.[ 44]|   (imp  1)   "N":   0.048925,   "Sz":  38.629900 |
Iter.[ 45]|   (imp  1)   "N":   0.048751,   "Sz":  38.601900 |
Iter.[ 46]|   (imp  1)   "N":   0.048802,   "Sz":  38.553300 |
Iter.[ 47]|   (imp  1)   "N":   0.048896,   "Sz":  38.630900 |
Iter.[ 48]|   (imp  1)   "N":   0.048870,   "Sz":  38.408100 |
Iter.[ 49]|   (imp  1)   "N":   0.048853,   "Sz":  38.751100 |
Iter.[ 50]|   (imp  1)   "N":   0.048763,   "Sz":  38.559600 |
